<?xml version="1.0" encoding="UTF-8"?>
<testsuite xmlns:xsi="http://www.w3.org/2001/XMLSchema-instance" xsi:noNamespaceSchemaLocation="https://maven.apache.org/surefire/maven-surefire-plugin/xsd/surefire-test-report.xsd" name="weatherApi.ValidateWeatherApi" time="26.658" tests="11" errors="0" skipped="0" failures="0">
  <properties>
[...]
</properties>
  <testcase name="checkResponseContentTypeJson" classname="weatherApi.ValidateWeatherApi" time="9.269"/>
  <testcase name="isKeyAvailable" classname="weatherApi.ValidateWeatherApi" time="1.376"/>
  <testcase name="negativeTest" classname="weatherApi.ValidateWeatherApi" time="1.863"/>
  <testcase name="passQueryParametersToGetRequest" classname="weatherApi.ValidateWeatherApi" time="0.18"/>
  <testcase name="responseTimeValidation" classname="weatherApi.ValidateWeatherApi" time="0.289"/>
  <testcase name="useResponseSpecification" classname="weatherApi.ValidateWeatherApi" time="0.225"/>
  <testcase name="useSinglePathParameter" classname="weatherApi.ValidateWeatherApi" time="0.421"/>
  <testcase name="validateResponseCode" classname="weatherApi.ValidateWeatherApi" time="0.156"/>
  <testcase name="validateWithDataProviders" classname="weatherApi.ValidateWeatherApi" time="0.152"/>
  <testcase name="validateWithDataProviders" classname="weatherApi.ValidateWeatherApi" time="0.147"/>
  <testcase name="validateWithDataProviders" classname="weatherApi.ValidateWeatherApi" time="0.154"/>
</testsuite>