<?xml version="1.0" encoding="UTF-8"?>
<testng-results skipped="0" failed="0" total="11" passed="11">
  <reporter-output>
  </reporter-output>
  <suite name="Surefire suite" duration-ms="22418" started-at="2018-07-29T22:03:43Z" finished-at="2018-07-29T22:04:06Z">
    <groups>
    </groups>
    <test name="Surefire test" duration-ms="22418" started-at="2018-07-29T22:03:43Z" finished-at="2018-07-29T22:04:06Z">
      <class name="weatherApi.ValidateWeatherApi">
        <test-method status="PASS" signature="createResponseSpecification()[pri:0, instance:weatherApi.ValidateWeatherApi@7f63425a]" name="createResponseSpecification" is-config="true" duration-ms="8141" started-at="2018-07-29T18:03:43Z" finished-at="2018-07-29T18:03:52Z">
          <reporter-output>
          </reporter-output>
        </test-method> <!-- createResponseSpecification -->
        <test-method status="PASS" signature="initPath()[pri:0, instance:weatherApi.ValidateWeatherApi@7f63425a]" name="initPath" is-config="true" duration-ms="1" started-at="2018-07-29T18:03:52Z" finished-at="2018-07-29T18:03:52Z">
          <reporter-output>
          </reporter-output>
        </test-method> <!-- initPath -->
        <test-method status="PASS" signature="checkResponseContentTypeJson()[pri:0, instance:weatherApi.ValidateWeatherApi@7f63425a]" name="checkResponseContentTypeJson" duration-ms="9271" started-at="2018-07-29T18:03:52Z" finished-at="2018-07-29T18:04:01Z">
          <reporter-output>
          </reporter-output>
        </test-method> <!-- checkResponseContentTypeJson -->
        <test-method status="PASS" signature="isKeyAvailable()[pri:0, instance:weatherApi.ValidateWeatherApi@7f63425a]" name="isKeyAvailable" duration-ms="1375" started-at="2018-07-29T18:04:01Z" finished-at="2018-07-29T18:04:02Z">
          <reporter-output>
          </reporter-output>
        </test-method> <!-- isKeyAvailable -->
        <test-method status="PASS" signature="negativeTest()[pri:0, instance:weatherApi.ValidateWeatherApi@7f63425a]" name="negativeTest" duration-ms="1860" started-at="2018-07-29T18:04:02Z" finished-at="2018-07-29T18:04:04Z">
          <reporter-output>
          </reporter-output>
        </test-method> <!-- negativeTest -->
        <test-method status="PASS" signature="passQueryParametersToGetRequest()[pri:0, instance:weatherApi.ValidateWeatherApi@7f63425a]" name="passQueryParametersToGetRequest" duration-ms="182" started-at="2018-07-29T18:04:04Z" finished-at="2018-07-29T18:04:04Z">
          <reporter-output>
          </reporter-output>
        </test-method> <!-- passQueryParametersToGetRequest -->
        <test-method status="PASS" signature="responseTimeValidation()[pri:0, instance:weatherApi.ValidateWeatherApi@7f63425a]" name="responseTimeValidation" duration-ms="279" started-at="2018-07-29T18:04:04Z" finished-at="2018-07-29T18:04:05Z">
          <reporter-output>
          </reporter-output>
        </test-method> <!-- responseTimeValidation -->
        <test-method status="PASS" signature="useResponseSpecification()[pri:0, instance:weatherApi.ValidateWeatherApi@7f63425a]" name="useResponseSpecification" duration-ms="232" started-at="2018-07-29T18:04:05Z" finished-at="2018-07-29T18:04:05Z">
          <reporter-output>
          </reporter-output>
        </test-method> <!-- useResponseSpecification -->
        <test-method status="PASS" signature="useSinglePathParameter()[pri:0, instance:weatherApi.ValidateWeatherApi@7f63425a]" name="useSinglePathParameter" duration-ms="421" started-at="2018-07-29T18:04:05Z" finished-at="2018-07-29T18:04:05Z">
          <reporter-output>
          </reporter-output>
        </test-method> <!-- useSinglePathParameter -->
        <test-method status="PASS" signature="validateResponseCode()[pri:0, instance:weatherApi.ValidateWeatherApi@7f63425a]" name="validateResponseCode" duration-ms="153" started-at="2018-07-29T18:04:05Z" finished-at="2018-07-29T18:04:05Z">
          <reporter-output>
          </reporter-output>
        </test-method> <!-- validateResponseCode -->
        <test-method status="PASS" signature="validateWithDataProviders(java.lang.String, java.lang.String)[pri:0, instance:weatherApi.ValidateWeatherApi@7f63425a]" name="validateWithDataProviders" duration-ms="136" started-at="2018-07-29T18:04:05Z" data-provider="city" finished-at="2018-07-29T18:04:06Z">
          <params>
            <param index="0">
              <value>
                <![CDATA[94040,us]]>
              </value>
            </param>
            <param index="1">
              <value>
                <![CDATA[Mountain View]]>
              </value>
            </param>
          </params>
          <reporter-output>
          </reporter-output>
        </test-method> <!-- validateWithDataProviders -->
        <test-method status="PASS" signature="validateWithDataProviders(java.lang.String, java.lang.String)[pri:0, instance:weatherApi.ValidateWeatherApi@7f63425a]" name="validateWithDataProviders" duration-ms="165" started-at="2018-07-29T18:04:06Z" data-provider="city" finished-at="2018-07-29T18:04:06Z">
          <params>
            <param index="0">
              <value>
                <![CDATA[03820,us]]>
              </value>
            </param>
            <param index="1">
              <value>
                <![CDATA[Manchester]]>
              </value>
            </param>
          </params>
          <reporter-output>
          </reporter-output>
        </test-method> <!-- validateWithDataProviders -->
        <test-method status="PASS" signature="validateWithDataProviders(java.lang.String, java.lang.String)[pri:0, instance:weatherApi.ValidateWeatherApi@7f63425a]" name="validateWithDataProviders" duration-ms="154" started-at="2018-07-29T18:04:06Z" data-provider="city" finished-at="2018-07-29T18:04:06Z">
          <params>
            <param index="0">
              <value>
                <![CDATA[75024,us]]>
              </value>
            </param>
            <param index="1">
              <value>
                <![CDATA[Frisco]]>
              </value>
            </param>
          </params>
          <reporter-output>
          </reporter-output>
        </test-method> <!-- validateWithDataProviders -->
      </class> <!-- weatherApi.ValidateWeatherApi -->
    </test> <!-- Surefire test -->
  </suite> <!-- Surefire suite -->
</testng-results>
